<?xml version="1.0" encoding="UTF-8"?>
<testsuite xmlns:xsi="http://www.w3.org/2001/XMLSchema-instance" xsi:noNamespaceSchemaLocation="https://maven.apache.org/surefire/maven-surefire-plugin/xsd/surefire-test-report-3.0.xsd" version="3.0" name="examples.ExamplesTest" time="9.086" tests="1" errors="0" skipped="0" failures="0">
  <properties>
    <property name="java.specification.version" value="17"/>
    <property name="sun.cpu.isalist" value="amd64"/>
    <property name="sun.jnu.encoding" value="Cp1252"/>
    <property name="java.class.path" value="C:\Users\andre\Desktop\uni\Pruebas de software\taller\target\test-classes;C:\Users\andre\Desktop\uni\Pruebas de software\taller\target\classes;C:\Users\andre\.m2\repository\com\fasterxml\jackson\core\jackson-core\2.15.2\jackson-core-2.15.2.jar;C:\Users\andre\.m2\repository\io\gatling\highcharts\gatling-charts-highcharts\3.3.1\gatling-charts-highcharts-3.3.1.jar;C:\Users\andre\.m2\repository\org\scala-lang\scala-library\2.12.10\scala-library-2.12.10.jar;C:\Users\andre\.m2\repository\io\gatling\gatling-charts\3.3.1\gatling-charts-3.3.1.jar;C:\Users\andre\.m2\repository\com\tdunning\t-digest\3.1\t-digest-3.1.jar;C:\Users\andre\.m2\repository\io\gatling\gatling-http-client\3.3.1\gatling-http-client-3.3.1.jar;C:\Users\andre\.m2\repository\io\gatling\gatling-netty-util\3.3.1\gatling-netty-util-3.3.1.jar;C:\Users\andre\.m2\repository\io\netty\netty-buffer\4.1.42.Final\netty-buffer-4.1.42.Final.jar;C:\Users\andre\.m2\repository\io\netty\netty-handler\4.1.42.Final\netty-handler-4.1.42.Final.jar;C:\Users\andre\.m2\repository\io\netty\netty-handler-proxy\4.1.42.Final\netty-handler-proxy-4.1.42.Final.jar;C:\Users\andre\.m2\repository\io\netty\netty-codec-socks\4.1.42.Final\netty-codec-socks-4.1.42.Final.jar;C:\Users\andre\.m2\repository\io\netty\netty-resolver-dns\4.1.42.Final\netty-resolver-dns-4.1.42.Final.jar;C:\Users\andre\.m2\repository\io\netty\netty-resolver\4.1.42.Final\netty-resolver-4.1.42.Final.jar;C:\Users\andre\.m2\repository\io\netty\netty-codec-dns\4.1.42.Final\netty-codec-dns-4.1.42.Final.jar;C:\Users\andre\.m2\repository\io\netty\netty-transport-native-epoll\4.1.42.Final\netty-transport-native-epoll-4.1.42.Final-linux-x86_64.jar;C:\Users\andre\.m2\repository\io\netty\netty-transport-native-unix-common\4.1.42.Final\netty-transport-native-unix-common-4.1.42.Final.jar;C:\Users\andre\.m2\repository\io\netty\netty-codec-http2\4.1.42.Final\netty-codec-http2-4.1.42.Final.jar;C:\Users\andre\.m2\repository\io\netty\netty-tcnative-boringssl-static\2.0.26.Final\netty-tcnative-boringssl-static-2.0.26.Final.jar;C:\Users\andre\.m2\repository\com\sun\activation\javax.activation\1.2.0\javax.activation-1.2.0.jar;C:\Users\andre\.m2\repository\org\slf4j\slf4j-api\1.7.28\slf4j-api-1.7.28.jar;C:\Users\andre\.m2\repository\com\typesafe\scala-logging\scala-logging_2.12\3.9.2\scala-logging_2.12-3.9.2.jar;C:\Users\andre\.m2\repository\ch\qos\logback\logback-classic\1.2.3\logback-classic-1.2.3.jar;C:\Users\andre\.m2\repository\ch\qos\logback\logback-core\1.2.3\logback-core-1.2.3.jar;C:\Users\andre\.m2\repository\io\gatling\gatling-commons\3.3.1\gatling-commons-3.3.1.jar;C:\Users\andre\.m2\repository\org\scala-lang\scala-reflect\2.12.10\scala-reflect-2.12.10.jar;C:\Users\andre\.m2\repository\com\typesafe\config\1.4.0\config-1.4.0.jar;C:\Users\andre\.m2\repository\io\suzaku\boopickle_2.12\1.3.1\boopickle_2.12-1.3.1.jar;C:\Users\andre\.m2\repository\org\typelevel\spire-macros_2.12\0.16.2\spire-macros_2.12-0.16.2.jar;C:\Users\andre\.m2\repository\com\softwaremill\quicklens\quicklens_2.12\1.4.12\quicklens_2.12-1.4.12.jar;C:\Users\andre\.m2\repository\org\scala-lang\modules\scala-java8-compat_2.12\0.9.0\scala-java8-compat_2.12-0.9.0.jar;C:\Users\andre\.m2\repository\com\eatthepath\fast-uuid\0.1\fast-uuid-0.1.jar;C:\Users\andre\.m2\repository\io\gatling\gatling-app\3.3.1\gatling-app-3.3.1.jar;C:\Users\andre\.m2\repository\io\gatling\gatling-core\3.3.1\gatling-core-3.3.1.jar;C:\Users\andre\.m2\repository\com\typesafe\akka\akka-slf4j_2.12\2.5.26\akka-slf4j_2.12-2.5.26.jar;C:\Users\andre\.m2\repository\org\simpleflatmapper\lightning-csv\8.0.3\lightning-csv-8.0.3.jar;C:\Users\andre\.m2\repository\org\simpleflatmapper\sfm-util\8.0.3\sfm-util-8.0.3.jar;C:\Users\andre\.m2\repository\com\github\ben-manes\caffeine\caffeine\2.8.0\caffeine-2.8.0.jar;C:\Users\andre\.m2\repository\org\checkerframework\checker-qual\2.10.0\checker-qual-2.10.0.jar;C:\Users\andre\.m2\repository\com\google\errorprone\error_prone_annotations\2.3.3\error_prone_annotations-2.3.3.jar;C:\Users\andre\.m2\repository\io\pebbletemplates\pebble\3.1.0\pebble-3.1.0.jar;C:\Users\andre\.m2\repository\org\unbescape\unbescape\1.1.6.RELEASE\unbescape-1.1.6.RELEASE.jar;C:\Users\andre\.m2\repository\org\scala-lang\modules\scala-parser-combinators_2.12\1.1.2\scala-parser-combinators_2.12-1.1.2.jar;C:\Users\andre\.m2\repository\com\github\scopt\scopt_2.12\3.7.1\scopt_2.12-3.7.1.jar;C:\Users\andre\.m2\repository\io\gatling\jsonpath_2.12\0.7.0\jsonpath_2.12-0.7.0.jar;C:\Users\andre\.m2\repository\net\sf\saxon\Saxon-HE\9.9.1-5\Saxon-HE-9.9.1-5.jar;C:\Users\andre\.m2\repository\org\jodd\jodd-lagarto\5.0.13\jodd-lagarto-5.0.13.jar;C:\Users\andre\.m2\repository\org\jodd\jodd-core\5.0.13\jodd-core-5.0.13.jar;C:\Users\andre\.m2\repository\org\jodd\jodd-log\5.0.13\jodd-log-5.0.13.jar;C:\Users\andre\.m2\repository\io\burt\jmespath-jackson\0.4.0\jmespath-jackson-0.4.0.jar;C:\Users\andre\.m2\repository\io\burt\jmespath-core\0.4.0\jmespath-core-0.4.0.jar;C:\Users\andre\.m2\repository\io\gatling\gatling-http\3.3.1\gatling-http-3.3.1.jar;C:\Users\andre\.m2\repository\org\scala-lang\modules\scala-xml_2.12\1.2.0\scala-xml_2.12-1.2.0.jar;C:\Users\andre\.m2\repository\io\gatling\gatling-jms\3.3.1\gatling-jms-3.3.1.jar;C:\Users\andre\.m2\repository\javax\jms\javax.jms-api\2.0.1\javax.jms-api-2.0.1.jar;C:\Users\andre\.m2\repository\io\gatling\gatling-jdbc\3.3.1\gatling-jdbc-3.3.1.jar;C:\Users\andre\.m2\repository\io\gatling\gatling-redis\3.3.1\gatling-redis-3.3.1.jar;C:\Users\andre\.m2\repository\net\debasishg\redisclient_2.12\3.10\redisclient_2.12-3.10.jar;C:\Users\andre\.m2\repository\org\apache\commons\commons-pool2\2.6.0\commons-pool2-2.6.0.jar;C:\Users\andre\.m2\repository\io\gatling\gatling-graphite\3.3.1\gatling-graphite-3.3.1.jar;C:\Users\andre\.m2\repository\org\hdrhistogram\HdrHistogram\2.1.11\HdrHistogram-2.1.11.jar;C:\Users\andre\.m2\repository\io\gatling\gatling-recorder\3.3.1\gatling-recorder-3.3.1.jar;C:\Users\andre\.m2\repository\org\scala-lang\modules\scala-swing_2.12\2.1.1\scala-swing_2.12-2.1.1.jar;C:\Users\andre\.m2\repository\com\fasterxml\jackson\core\jackson-databind\2.10.0\jackson-databind-2.10.0.jar;C:\Users\andre\.m2\repository\com\fasterxml\jackson\core\jackson-annotations\2.10.0\jackson-annotations-2.10.0.jar;C:\Users\andre\.m2\repository\org\json4s\json4s-jackson_2.12\3.6.7\json4s-jackson_2.12-3.6.7.jar;C:\Users\andre\.m2\repository\org\json4s\json4s-core_2.12\3.6.7\json4s-core_2.12-3.6.7.jar;C:\Users\andre\.m2\repository\org\json4s\json4s-ast_2.12\3.6.7\json4s-ast_2.12-3.6.7.jar;C:\Users\andre\.m2\repository\org\json4s\json4s-scalap_2.12\3.6.7\json4s-scalap_2.12-3.6.7.jar;C:\Users\andre\.m2\repository\com\thoughtworks\paranamer\paranamer\2.8\paranamer-2.8.jar;C:\Users\andre\.m2\repository\org\bouncycastle\bcpkix-jdk15on\1.64\bcpkix-jdk15on-1.64.jar;C:\Users\andre\.m2\repository\org\bouncycastle\bcprov-jdk15on\1.64\bcprov-jdk15on-1.64.jar;C:\Users\andre\.m2\repository\io\netty\netty-codec-http\4.1.42.Final\netty-codec-http-4.1.42.Final.jar;C:\Users\andre\.m2\repository\io\netty\netty-common\4.1.42.Final\netty-common-4.1.42.Final.jar;C:\Users\andre\.m2\repository\io\netty\netty-transport\4.1.42.Final\netty-transport-4.1.42.Final.jar;C:\Users\andre\.m2\repository\io\netty\netty-codec\4.1.42.Final\netty-codec-4.1.42.Final.jar;C:\Users\andre\.m2\repository\com\typesafe\akka\akka-actor_2.12\2.5.26\akka-actor_2.12-2.5.26.jar;C:\Users\andre\.m2\repository\io\karatelabs\karate-junit5\1.5.1\karate-junit5-1.5.1.jar;C:\Users\andre\.m2\repository\io\karatelabs\karate-core\1.5.1\karate-core-1.5.1.jar;C:\Users\andre\.m2\repository\org\graalvm\js\js-scriptengine\24.0.0\js-scriptengine-24.0.0.jar;C:\Users\andre\.m2\repository\org\graalvm\polyglot\polyglot\24.0.0\polyglot-24.0.0.jar;C:\Users\andre\.m2\repository\org\graalvm\sdk\collections\24.0.0\collections-24.0.0.jar;C:\Users\andre\.m2\repository\org\graalvm\sdk\nativeimage\24.0.0\nativeimage-24.0.0.jar;C:\Users\andre\.m2\repository\org\graalvm\sdk\word\24.0.0\word-24.0.0.jar;C:\Users\andre\.m2\repository\org\graalvm\js\js-language\24.0.0\js-language-24.0.0.jar;C:\Users\andre\.m2\repository\org\graalvm\regex\regex\24.0.0\regex-24.0.0.jar;C:\Users\andre\.m2\repository\org\graalvm\truffle\truffle-api\24.0.0\truffle-api-24.0.0.jar;C:\Users\andre\.m2\repository\org\graalvm\shadowed\icu4j\24.0.0\icu4j-24.0.0.jar;C:\Users\andre\.m2\repository\org\thymeleaf\thymeleaf\3.1.2.RELEASE\thymeleaf-3.1.2.RELEASE.jar;C:\Users\andre\.m2\repository\ognl\ognl\3.3.4\ognl-3.3.4.jar;C:\Users\andre\.m2\repository\org\javassist\javassist\3.29.0-GA\javassist-3.29.0-GA.jar;C:\Users\andre\.m2\repository\org\attoparser\attoparser\2.0.7.RELEASE\attoparser-2.0.7.RELEASE.jar;C:\Users\andre\.m2\repository\com\linecorp\armeria\armeria\1.31.3\armeria-1.31.3.jar;C:\Users\andre\.m2\repository\com\fasterxml\jackson\datatype\jackson-datatype-jdk8\2.18.1\jackson-datatype-jdk8-2.18.1.jar;C:\Users\andre\.m2\repository\com\fasterxml\jackson\datatype\jackson-datatype-jsr310\2.18.1\jackson-datatype-jsr310-2.18.1.jar;C:\Users\andre\.m2\repository\io\micrometer\micrometer-core\1.13.6\micrometer-core-1.13.6.jar;C:\Users\andre\.m2\repository\io\micrometer\micrometer-commons\1.13.6\micrometer-commons-1.13.6.jar;C:\Users\andre\.m2\repository\io\micrometer\micrometer-observation\1.13.6\micrometer-observation-1.13.6.jar;C:\Users\andre\.m2\repository\org\latencyutils\LatencyUtils\2.0.3\LatencyUtils-2.0.3.jar;C:\Users\andre\.m2\repository\io\netty\netty-codec-haproxy\4.1.115.Final\netty-codec-haproxy-4.1.115.Final.jar;C:\Users\andre\.m2\repository\io\netty\netty-transport-native-unix-common\4.1.115.Final\netty-transport-native-unix-common-4.1.115.Final-linux-x86_64.jar;C:\Users\andre\.m2\repository\io\netty\netty-transport-native-unix-common\4.1.115.Final\netty-transport-native-unix-common-4.1.115.Final-linux-aarch_64.jar;C:\Users\andre\.m2\repository\io\netty\netty-transport-native-unix-common\4.1.115.Final\netty-transport-native-unix-common-4.1.115.Final-osx-x86_64.jar;C:\Users\andre\.m2\repository\io\netty\netty-transport-native-unix-common\4.1.115.Final\netty-transport-native-unix-common-4.1.115.Final-osx-aarch_64.jar;C:\Users\andre\.m2\repository\org\reactivestreams\reactive-streams\1.0.4\reactive-streams-1.0.4.jar;C:\Users\andre\.m2\repository\com\google\code\findbugs\jsr305\3.0.2\jsr305-3.0.2.jar;C:\Users\andre\.m2\repository\io\netty\netty-transport-native-epoll\4.1.115.Final\netty-transport-native-epoll-4.1.115.Final-linux-aarch_64.jar;C:\Users\andre\.m2\repository\io\netty\netty-transport-classes-epoll\4.1.115.Final\netty-transport-classes-epoll-4.1.115.Final.jar;C:\Users\andre\.m2\repository\io\netty\netty-transport-native-kqueue\4.1.115.Final\netty-transport-native-kqueue-4.1.115.Final-osx-x86_64.jar;C:\Users\andre\.m2\repository\io\netty\netty-transport-classes-kqueue\4.1.115.Final\netty-transport-classes-kqueue-4.1.115.Final.jar;C:\Users\andre\.m2\repository\io\netty\netty-resolver-dns-native-macos\4.1.115.Final\netty-resolver-dns-native-macos-4.1.115.Final-osx-x86_64.jar;C:\Users\andre\.m2\repository\io\netty\netty-resolver-dns-classes-macos\4.1.115.Final\netty-resolver-dns-classes-macos-4.1.115.Final.jar;C:\Users\andre\.m2\repository\io\netty\netty-transport-native-kqueue\4.1.115.Final\netty-transport-native-kqueue-4.1.115.Final-osx-aarch_64.jar;C:\Users\andre\.m2\repository\io\netty\netty-resolver-dns-native-macos\4.1.115.Final\netty-resolver-dns-native-macos-4.1.115.Final-osx-aarch_64.jar;C:\Users\andre\.m2\repository\io\netty\netty-tcnative-boringssl-static\2.0.69.Final\netty-tcnative-boringssl-static-2.0.69.Final-linux-x86_64.jar;C:\Users\andre\.m2\repository\io\netty\netty-tcnative-classes\2.0.69.Final\netty-tcnative-classes-2.0.69.Final.jar;C:\Users\andre\.m2\repository\io\netty\netty-tcnative-boringssl-static\2.0.69.Final\netty-tcnative-boringssl-static-2.0.69.Final-linux-aarch_64.jar;C:\Users\andre\.m2\repository\io\netty\netty-tcnative-boringssl-static\2.0.69.Final\netty-tcnative-boringssl-static-2.0.69.Final-osx-x86_64.jar;C:\Users\andre\.m2\repository\io\netty\netty-tcnative-boringssl-static\2.0.69.Final\netty-tcnative-boringssl-static-2.0.69.Final-osx-aarch_64.jar;C:\Users\andre\.m2\repository\io\netty\netty-tcnative-boringssl-static\2.0.69.Final\netty-tcnative-boringssl-static-2.0.69.Final-windows-x86_64.jar;C:\Users\andre\.m2\repository\com\aayushatharva\brotli4j\brotli4j\1.17.0\brotli4j-1.17.0.jar;C:\Users\andre\.m2\repository\com\aayushatharva\brotli4j\service\1.17.0\service-1.17.0.jar;C:\Users\andre\.m2\repository\com\aayushatharva\brotli4j\native-windows-x86_64\1.17.0\native-windows-x86_64-1.17.0.jar;C:\Users\andre\.m2\repository\org\apache\httpcomponents\httpclient\4.5.14\httpclient-4.5.14.jar;C:\Users\andre\.m2\repository\org\apache\httpcomponents\httpcore\4.4.16\httpcore-4.4.16.jar;C:\Users\andre\.m2\repository\commons-codec\commons-codec\1.16.1\commons-codec-1.16.1.jar;C:\Users\andre\.m2\repository\org\slf4j\jcl-over-slf4j\2.0.12\jcl-over-slf4j-2.0.12.jar;C:\Users\andre\.m2\repository\org\antlr\antlr4-runtime\4.13.1\antlr4-runtime-4.13.1.jar;C:\Users\andre\.m2\repository\com\jayway\jsonpath\json-path\2.9.0\json-path-2.9.0.jar;C:\Users\andre\.m2\repository\net\minidev\json-smart\2.5.1\json-smart-2.5.1.jar;C:\Users\andre\.m2\repository\net\minidev\accessors-smart\2.5.1\accessors-smart-2.5.1.jar;C:\Users\andre\.m2\repository\org\ow2\asm\asm\9.6\asm-9.6.jar;C:\Users\andre\.m2\repository\org\yaml\snakeyaml\2.3\snakeyaml-2.3.jar;C:\Users\andre\.m2\repository\de\siegmar\fastcsv\3.4.0\fastcsv-3.4.0.jar;C:\Users\andre\.m2\repository\info\picocli\picocli\4.7.6\picocli-4.7.6.jar;C:\Users\andre\.m2\repository\io\github\classgraph\classgraph\4.8.179\classgraph-4.8.179.jar;C:\Users\andre\.m2\repository\io\github\t12y\resemble\1.1.0\resemble-1.1.0.jar;C:\Users\andre\.m2\repository\io\github\t12y\ssim\1.0.0\ssim-1.0.0.jar;C:\Users\andre\.m2\repository\org\junit\jupiter\junit-jupiter-api\5.10.2\junit-jupiter-api-5.10.2.jar;C:\Users\andre\.m2\repository\org\opentest4j\opentest4j\1.3.0\opentest4j-1.3.0.jar;C:\Users\andre\.m2\repository\org\junit\platform\junit-platform-commons\1.10.2\junit-platform-commons-1.10.2.jar;C:\Users\andre\.m2\repository\org\apiguardian\apiguardian-api\1.1.2\apiguardian-api-1.1.2.jar;C:\Users\andre\.m2\repository\org\junit\jupiter\junit-jupiter-engine\5.10.2\junit-jupiter-engine-5.10.2.jar;C:\Users\andre\.m2\repository\org\junit\platform\junit-platform-engine\1.10.2\junit-platform-engine-1.10.2.jar;"/>
    <property name="java.vm.vendor" value="Oracle Corporation"/>
    <property name="sun.arch.data.model" value="64"/>
    <property name="user.variant" value=""/>
    <property name="java.vendor.url" value="https://java.oracle.com/"/>
    <property name="user.timezone" value="America/Bogota"/>
    <property name="os.name" value="Windows 11"/>
    <property name="java.vm.specification.version" value="17"/>
    <property name="sun.java.launcher" value="SUN_STANDARD"/>
    <property name="user.country" value="CO"/>
    <property name="sun.boot.library.path" value="C:\Program Files\Java\jdk-17\bin"/>
    <property name="sun.java.command" value="C:\Users\andre\AppData\Local\Temp\surefire14501007957071819641\surefirebooter-20250624210828999_3.jar C:\Users\andre\AppData\Local\Temp\surefire14501007957071819641 2025-06-24T21-08-28_554-jvmRun1 surefire-20250624210828999_1tmp surefire_0-20250624210828999_2tmp"/>
    <property name="jdk.debug" value="release"/>
    <property name="surefire.test.class.path" value="C:\Users\andre\Desktop\uni\Pruebas de software\taller\target\test-classes;C:\Users\andre\Desktop\uni\Pruebas de software\taller\target\classes;C:\Users\andre\.m2\repository\com\fasterxml\jackson\core\jackson-core\2.15.2\jackson-core-2.15.2.jar;C:\Users\andre\.m2\repository\io\gatling\highcharts\gatling-charts-highcharts\3.3.1\gatling-charts-highcharts-3.3.1.jar;C:\Users\andre\.m2\repository\org\scala-lang\scala-library\2.12.10\scala-library-2.12.10.jar;C:\Users\andre\.m2\repository\io\gatling\gatling-charts\3.3.1\gatling-charts-3.3.1.jar;C:\Users\andre\.m2\repository\com\tdunning\t-digest\3.1\t-digest-3.1.jar;C:\Users\andre\.m2\repository\io\gatling\gatling-http-client\3.3.1\gatling-http-client-3.3.1.jar;C:\Users\andre\.m2\repository\io\gatling\gatling-netty-util\3.3.1\gatling-netty-util-3.3.1.jar;C:\Users\andre\.m2\repository\io\netty\netty-buffer\4.1.42.Final\netty-buffer-4.1.42.Final.jar;C:\Users\andre\.m2\repository\io\netty\netty-handler\4.1.42.Final\netty-handler-4.1.42.Final.jar;C:\Users\andre\.m2\repository\io\netty\netty-handler-proxy\4.1.42.Final\netty-handler-proxy-4.1.42.Final.jar;C:\Users\andre\.m2\repository\io\netty\netty-codec-socks\4.1.42.Final\netty-codec-socks-4.1.42.Final.jar;C:\Users\andre\.m2\repository\io\netty\netty-resolver-dns\4.1.42.Final\netty-resolver-dns-4.1.42.Final.jar;C:\Users\andre\.m2\repository\io\netty\netty-resolver\4.1.42.Final\netty-resolver-4.1.42.Final.jar;C:\Users\andre\.m2\repository\io\netty\netty-codec-dns\4.1.42.Final\netty-codec-dns-4.1.42.Final.jar;C:\Users\andre\.m2\repository\io\netty\netty-transport-native-epoll\4.1.42.Final\netty-transport-native-epoll-4.1.42.Final-linux-x86_64.jar;C:\Users\andre\.m2\repository\io\netty\netty-transport-native-unix-common\4.1.42.Final\netty-transport-native-unix-common-4.1.42.Final.jar;C:\Users\andre\.m2\repository\io\netty\netty-codec-http2\4.1.42.Final\netty-codec-http2-4.1.42.Final.jar;C:\Users\andre\.m2\repository\io\netty\netty-tcnative-boringssl-static\2.0.26.Final\netty-tcnative-boringssl-static-2.0.26.Final.jar;C:\Users\andre\.m2\repository\com\sun\activation\javax.activation\1.2.0\javax.activation-1.2.0.jar;C:\Users\andre\.m2\repository\org\slf4j\slf4j-api\1.7.28\slf4j-api-1.7.28.jar;C:\Users\andre\.m2\repository\com\typesafe\scala-logging\scala-logging_2.12\3.9.2\scala-logging_2.12-3.9.2.jar;C:\Users\andre\.m2\repository\ch\qos\logback\logback-classic\1.2.3\logback-classic-1.2.3.jar;C:\Users\andre\.m2\repository\ch\qos\logback\logback-core\1.2.3\logback-core-1.2.3.jar;C:\Users\andre\.m2\repository\io\gatling\gatling-commons\3.3.1\gatling-commons-3.3.1.jar;C:\Users\andre\.m2\repository\org\scala-lang\scala-reflect\2.12.10\scala-reflect-2.12.10.jar;C:\Users\andre\.m2\repository\com\typesafe\config\1.4.0\config-1.4.0.jar;C:\Users\andre\.m2\repository\io\suzaku\boopickle_2.12\1.3.1\boopickle_2.12-1.3.1.jar;C:\Users\andre\.m2\repository\org\typelevel\spire-macros_2.12\0.16.2\spire-macros_2.12-0.16.2.jar;C:\Users\andre\.m2\repository\com\softwaremill\quicklens\quicklens_2.12\1.4.12\quicklens_2.12-1.4.12.jar;C:\Users\andre\.m2\repository\org\scala-lang\modules\scala-java8-compat_2.12\0.9.0\scala-java8-compat_2.12-0.9.0.jar;C:\Users\andre\.m2\repository\com\eatthepath\fast-uuid\0.1\fast-uuid-0.1.jar;C:\Users\andre\.m2\repository\io\gatling\gatling-app\3.3.1\gatling-app-3.3.1.jar;C:\Users\andre\.m2\repository\io\gatling\gatling-core\3.3.1\gatling-core-3.3.1.jar;C:\Users\andre\.m2\repository\com\typesafe\akka\akka-slf4j_2.12\2.5.26\akka-slf4j_2.12-2.5.26.jar;C:\Users\andre\.m2\repository\org\simpleflatmapper\lightning-csv\8.0.3\lightning-csv-8.0.3.jar;C:\Users\andre\.m2\repository\org\simpleflatmapper\sfm-util\8.0.3\sfm-util-8.0.3.jar;C:\Users\andre\.m2\repository\com\github\ben-manes\caffeine\caffeine\2.8.0\caffeine-2.8.0.jar;C:\Users\andre\.m2\repository\org\checkerframework\checker-qual\2.10.0\checker-qual-2.10.0.jar;C:\Users\andre\.m2\repository\com\google\errorprone\error_prone_annotations\2.3.3\error_prone_annotations-2.3.3.jar;C:\Users\andre\.m2\repository\io\pebbletemplates\pebble\3.1.0\pebble-3.1.0.jar;C:\Users\andre\.m2\repository\org\unbescape\unbescape\1.1.6.RELEASE\unbescape-1.1.6.RELEASE.jar;C:\Users\andre\.m2\repository\org\scala-lang\modules\scala-parser-combinators_2.12\1.1.2\scala-parser-combinators_2.12-1.1.2.jar;C:\Users\andre\.m2\repository\com\github\scopt\scopt_2.12\3.7.1\scopt_2.12-3.7.1.jar;C:\Users\andre\.m2\repository\io\gatling\jsonpath_2.12\0.7.0\jsonpath_2.12-0.7.0.jar;C:\Users\andre\.m2\repository\net\sf\saxon\Saxon-HE\9.9.1-5\Saxon-HE-9.9.1-5.jar;C:\Users\andre\.m2\repository\org\jodd\jodd-lagarto\5.0.13\jodd-lagarto-5.0.13.jar;C:\Users\andre\.m2\repository\org\jodd\jodd-core\5.0.13\jodd-core-5.0.13.jar;C:\Users\andre\.m2\repository\org\jodd\jodd-log\5.0.13\jodd-log-5.0.13.jar;C:\Users\andre\.m2\repository\io\burt\jmespath-jackson\0.4.0\jmespath-jackson-0.4.0.jar;C:\Users\andre\.m2\repository\io\burt\jmespath-core\0.4.0\jmespath-core-0.4.0.jar;C:\Users\andre\.m2\repository\io\gatling\gatling-http\3.3.1\gatling-http-3.3.1.jar;C:\Users\andre\.m2\repository\org\scala-lang\modules\scala-xml_2.12\1.2.0\scala-xml_2.12-1.2.0.jar;C:\Users\andre\.m2\repository\io\gatling\gatling-jms\3.3.1\gatling-jms-3.3.1.jar;C:\Users\andre\.m2\repository\javax\jms\javax.jms-api\2.0.1\javax.jms-api-2.0.1.jar;C:\Users\andre\.m2\repository\io\gatling\gatling-jdbc\3.3.1\gatling-jdbc-3.3.1.jar;C:\Users\andre\.m2\repository\io\gatling\gatling-redis\3.3.1\gatling-redis-3.3.1.jar;C:\Users\andre\.m2\repository\net\debasishg\redisclient_2.12\3.10\redisclient_2.12-3.10.jar;C:\Users\andre\.m2\repository\org\apache\commons\commons-pool2\2.6.0\commons-pool2-2.6.0.jar;C:\Users\andre\.m2\repository\io\gatling\gatling-graphite\3.3.1\gatling-graphite-3.3.1.jar;C:\Users\andre\.m2\repository\org\hdrhistogram\HdrHistogram\2.1.11\HdrHistogram-2.1.11.jar;C:\Users\andre\.m2\repository\io\gatling\gatling-recorder\3.3.1\gatling-recorder-3.3.1.jar;C:\Users\andre\.m2\repository\org\scala-lang\modules\scala-swing_2.12\2.1.1\scala-swing_2.12-2.1.1.jar;C:\Users\andre\.m2\repository\com\fasterxml\jackson\core\jackson-databind\2.10.0\jackson-databind-2.10.0.jar;C:\Users\andre\.m2\repository\com\fasterxml\jackson\core\jackson-annotations\2.10.0\jackson-annotations-2.10.0.jar;C:\Users\andre\.m2\repository\org\json4s\json4s-jackson_2.12\3.6.7\json4s-jackson_2.12-3.6.7.jar;C:\Users\andre\.m2\repository\org\json4s\json4s-core_2.12\3.6.7\json4s-core_2.12-3.6.7.jar;C:\Users\andre\.m2\repository\org\json4s\json4s-ast_2.12\3.6.7\json4s-ast_2.12-3.6.7.jar;C:\Users\andre\.m2\repository\org\json4s\json4s-scalap_2.12\3.6.7\json4s-scalap_2.12-3.6.7.jar;C:\Users\andre\.m2\repository\com\thoughtworks\paranamer\paranamer\2.8\paranamer-2.8.jar;C:\Users\andre\.m2\repository\org\bouncycastle\bcpkix-jdk15on\1.64\bcpkix-jdk15on-1.64.jar;C:\Users\andre\.m2\repository\org\bouncycastle\bcprov-jdk15on\1.64\bcprov-jdk15on-1.64.jar;C:\Users\andre\.m2\repository\io\netty\netty-codec-http\4.1.42.Final\netty-codec-http-4.1.42.Final.jar;C:\Users\andre\.m2\repository\io\netty\netty-common\4.1.42.Final\netty-common-4.1.42.Final.jar;C:\Users\andre\.m2\repository\io\netty\netty-transport\4.1.42.Final\netty-transport-4.1.42.Final.jar;C:\Users\andre\.m2\repository\io\netty\netty-codec\4.1.42.Final\netty-codec-4.1.42.Final.jar;C:\Users\andre\.m2\repository\com\typesafe\akka\akka-actor_2.12\2.5.26\akka-actor_2.12-2.5.26.jar;C:\Users\andre\.m2\repository\io\karatelabs\karate-junit5\1.5.1\karate-junit5-1.5.1.jar;C:\Users\andre\.m2\repository\io\karatelabs\karate-core\1.5.1\karate-core-1.5.1.jar;C:\Users\andre\.m2\repository\org\graalvm\js\js-scriptengine\24.0.0\js-scriptengine-24.0.0.jar;C:\Users\andre\.m2\repository\org\graalvm\polyglot\polyglot\24.0.0\polyglot-24.0.0.jar;C:\Users\andre\.m2\repository\org\graalvm\sdk\collections\24.0.0\collections-24.0.0.jar;C:\Users\andre\.m2\repository\org\graalvm\sdk\nativeimage\24.0.0\nativeimage-24.0.0.jar;C:\Users\andre\.m2\repository\org\graalvm\sdk\word\24.0.0\word-24.0.0.jar;C:\Users\andre\.m2\repository\org\graalvm\js\js-language\24.0.0\js-language-24.0.0.jar;C:\Users\andre\.m2\repository\org\graalvm\regex\regex\24.0.0\regex-24.0.0.jar;C:\Users\andre\.m2\repository\org\graalvm\truffle\truffle-api\24.0.0\truffle-api-24.0.0.jar;C:\Users\andre\.m2\repository\org\graalvm\shadowed\icu4j\24.0.0\icu4j-24.0.0.jar;C:\Users\andre\.m2\repository\org\thymeleaf\thymeleaf\3.1.2.RELEASE\thymeleaf-3.1.2.RELEASE.jar;C:\Users\andre\.m2\repository\ognl\ognl\3.3.4\ognl-3.3.4.jar;C:\Users\andre\.m2\repository\org\javassist\javassist\3.29.0-GA\javassist-3.29.0-GA.jar;C:\Users\andre\.m2\repository\org\attoparser\attoparser\2.0.7.RELEASE\attoparser-2.0.7.RELEASE.jar;C:\Users\andre\.m2\repository\com\linecorp\armeria\armeria\1.31.3\armeria-1.31.3.jar;C:\Users\andre\.m2\repository\com\fasterxml\jackson\datatype\jackson-datatype-jdk8\2.18.1\jackson-datatype-jdk8-2.18.1.jar;C:\Users\andre\.m2\repository\com\fasterxml\jackson\datatype\jackson-datatype-jsr310\2.18.1\jackson-datatype-jsr310-2.18.1.jar;C:\Users\andre\.m2\repository\io\micrometer\micrometer-core\1.13.6\micrometer-core-1.13.6.jar;C:\Users\andre\.m2\repository\io\micrometer\micrometer-commons\1.13.6\micrometer-commons-1.13.6.jar;C:\Users\andre\.m2\repository\io\micrometer\micrometer-observation\1.13.6\micrometer-observation-1.13.6.jar;C:\Users\andre\.m2\repository\org\latencyutils\LatencyUtils\2.0.3\LatencyUtils-2.0.3.jar;C:\Users\andre\.m2\repository\io\netty\netty-codec-haproxy\4.1.115.Final\netty-codec-haproxy-4.1.115.Final.jar;C:\Users\andre\.m2\repository\io\netty\netty-transport-native-unix-common\4.1.115.Final\netty-transport-native-unix-common-4.1.115.Final-linux-x86_64.jar;C:\Users\andre\.m2\repository\io\netty\netty-transport-native-unix-common\4.1.115.Final\netty-transport-native-unix-common-4.1.115.Final-linux-aarch_64.jar;C:\Users\andre\.m2\repository\io\netty\netty-transport-native-unix-common\4.1.115.Final\netty-transport-native-unix-common-4.1.115.Final-osx-x86_64.jar;C:\Users\andre\.m2\repository\io\netty\netty-transport-native-unix-common\4.1.115.Final\netty-transport-native-unix-common-4.1.115.Final-osx-aarch_64.jar;C:\Users\andre\.m2\repository\org\reactivestreams\reactive-streams\1.0.4\reactive-streams-1.0.4.jar;C:\Users\andre\.m2\repository\com\google\code\findbugs\jsr305\3.0.2\jsr305-3.0.2.jar;C:\Users\andre\.m2\repository\io\netty\netty-transport-native-epoll\4.1.115.Final\netty-transport-native-epoll-4.1.115.Final-linux-aarch_64.jar;C:\Users\andre\.m2\repository\io\netty\netty-transport-classes-epoll\4.1.115.Final\netty-transport-classes-epoll-4.1.115.Final.jar;C:\Users\andre\.m2\repository\io\netty\netty-transport-native-kqueue\4.1.115.Final\netty-transport-native-kqueue-4.1.115.Final-osx-x86_64.jar;C:\Users\andre\.m2\repository\io\netty\netty-transport-classes-kqueue\4.1.115.Final\netty-transport-classes-kqueue-4.1.115.Final.jar;C:\Users\andre\.m2\repository\io\netty\netty-resolver-dns-native-macos\4.1.115.Final\netty-resolver-dns-native-macos-4.1.115.Final-osx-x86_64.jar;C:\Users\andre\.m2\repository\io\netty\netty-resolver-dns-classes-macos\4.1.115.Final\netty-resolver-dns-classes-macos-4.1.115.Final.jar;C:\Users\andre\.m2\repository\io\netty\netty-transport-native-kqueue\4.1.115.Final\netty-transport-native-kqueue-4.1.115.Final-osx-aarch_64.jar;C:\Users\andre\.m2\repository\io\netty\netty-resolver-dns-native-macos\4.1.115.Final\netty-resolver-dns-native-macos-4.1.115.Final-osx-aarch_64.jar;C:\Users\andre\.m2\repository\io\netty\netty-tcnative-boringssl-static\2.0.69.Final\netty-tcnative-boringssl-static-2.0.69.Final-linux-x86_64.jar;C:\Users\andre\.m2\repository\io\netty\netty-tcnative-classes\2.0.69.Final\netty-tcnative-classes-2.0.69.Final.jar;C:\Users\andre\.m2\repository\io\netty\netty-tcnative-boringssl-static\2.0.69.Final\netty-tcnative-boringssl-static-2.0.69.Final-linux-aarch_64.jar;C:\Users\andre\.m2\repository\io\netty\netty-tcnative-boringssl-static\2.0.69.Final\netty-tcnative-boringssl-static-2.0.69.Final-osx-x86_64.jar;C:\Users\andre\.m2\repository\io\netty\netty-tcnative-boringssl-static\2.0.69.Final\netty-tcnative-boringssl-static-2.0.69.Final-osx-aarch_64.jar;C:\Users\andre\.m2\repository\io\netty\netty-tcnative-boringssl-static\2.0.69.Final\netty-tcnative-boringssl-static-2.0.69.Final-windows-x86_64.jar;C:\Users\andre\.m2\repository\com\aayushatharva\brotli4j\brotli4j\1.17.0\brotli4j-1.17.0.jar;C:\Users\andre\.m2\repository\com\aayushatharva\brotli4j\service\1.17.0\service-1.17.0.jar;C:\Users\andre\.m2\repository\com\aayushatharva\brotli4j\native-windows-x86_64\1.17.0\native-windows-x86_64-1.17.0.jar;C:\Users\andre\.m2\repository\org\apache\httpcomponents\httpclient\4.5.14\httpclient-4.5.14.jar;C:\Users\andre\.m2\repository\org\apache\httpcomponents\httpcore\4.4.16\httpcore-4.4.16.jar;C:\Users\andre\.m2\repository\commons-codec\commons-codec\1.16.1\commons-codec-1.16.1.jar;C:\Users\andre\.m2\repository\org\slf4j\jcl-over-slf4j\2.0.12\jcl-over-slf4j-2.0.12.jar;C:\Users\andre\.m2\repository\org\antlr\antlr4-runtime\4.13.1\antlr4-runtime-4.13.1.jar;C:\Users\andre\.m2\repository\com\jayway\jsonpath\json-path\2.9.0\json-path-2.9.0.jar;C:\Users\andre\.m2\repository\net\minidev\json-smart\2.5.1\json-smart-2.5.1.jar;C:\Users\andre\.m2\repository\net\minidev\accessors-smart\2.5.1\accessors-smart-2.5.1.jar;C:\Users\andre\.m2\repository\org\ow2\asm\asm\9.6\asm-9.6.jar;C:\Users\andre\.m2\repository\org\yaml\snakeyaml\2.3\snakeyaml-2.3.jar;C:\Users\andre\.m2\repository\de\siegmar\fastcsv\3.4.0\fastcsv-3.4.0.jar;C:\Users\andre\.m2\repository\info\picocli\picocli\4.7.6\picocli-4.7.6.jar;C:\Users\andre\.m2\repository\io\github\classgraph\classgraph\4.8.179\classgraph-4.8.179.jar;C:\Users\andre\.m2\repository\io\github\t12y\resemble\1.1.0\resemble-1.1.0.jar;C:\Users\andre\.m2\repository\io\github\t12y\ssim\1.0.0\ssim-1.0.0.jar;C:\Users\andre\.m2\repository\org\junit\jupiter\junit-jupiter-api\5.10.2\junit-jupiter-api-5.10.2.jar;C:\Users\andre\.m2\repository\org\opentest4j\opentest4j\1.3.0\opentest4j-1.3.0.jar;C:\Users\andre\.m2\repository\org\junit\platform\junit-platform-commons\1.10.2\junit-platform-commons-1.10.2.jar;C:\Users\andre\.m2\repository\org\apiguardian\apiguardian-api\1.1.2\apiguardian-api-1.1.2.jar;C:\Users\andre\.m2\repository\org\junit\jupiter\junit-jupiter-engine\5.10.2\junit-jupiter-engine-5.10.2.jar;C:\Users\andre\.m2\repository\org\junit\platform\junit-platform-engine\1.10.2\junit-platform-engine-1.10.2.jar;"/>
    <property name="sun.cpu.endian" value="little"/>
    <property name="user.home" value="C:\Users\andre"/>
    <property name="user.language" value="es"/>
    <property name="java.specification.vendor" value="Oracle Corporation"/>
    <property name="java.version.date" value="2024-01-16"/>
    <property name="java.home" value="C:\Program Files\Java\jdk-17"/>
    <property name="file.separator" value="\"/>
    <property name="basedir" value="C:\Users\andre\Desktop\uni\Pruebas de software\taller"/>
    <property name="java.vm.compressedOopsMode" value="Zero based"/>
    <property name="line.separator" value="&#10;"/>
    <property name="java.vm.specification.vendor" value="Oracle Corporation"/>
    <property name="java.specification.name" value="Java Platform API Specification"/>
    <property name="surefire.real.class.path" value="C:\Users\andre\AppData\Local\Temp\surefire14501007957071819641\surefirebooter-20250624210828999_3.jar"/>
    <property name="user.script" value=""/>
    <property name="sun.management.compiler" value="HotSpot 64-Bit Tiered Compilers"/>
    <property name="java.runtime.version" value="17.0.10+11-LTS-240"/>
    <property name="user.name" value="andre"/>
    <property name="path.separator" value=";"/>
    <property name="os.version" value="10.0"/>
    <property name="java.runtime.name" value="Java(TM) SE Runtime Environment"/>
    <property name="file.encoding" value="UTF-8"/>
    <property name="java.vm.name" value="Java HotSpot(TM) 64-Bit Server VM"/>
    <property name="localRepository" value="C:\Users\andre\.m2\repository"/>
    <property name="java.vendor.url.bug" value="https://bugreport.java.com/bugreport/"/>
    <property name="java.io.tmpdir" value="C:\Users\andre\AppData\Local\Temp\"/>
    <property name="java.version" value="17.0.10"/>
    <property name="user.dir" value="C:\Users\andre\Desktop\uni\Pruebas de software\taller"/>
    <property name="os.arch" value="amd64"/>
    <property name="java.vm.specification.name" value="Java Virtual Machine Specification"/>
    <property name="sun.os.patch.level" value=""/>
    <property name="native.encoding" value="Cp1252"/>
    <property name="java.library.path" value="C:\Program Files\Java\jdk-17\bin;C:\WINDOWS\Sun\Java\bin;C:\WINDOWS\system32;C:\WINDOWS;C:\Users\andre\Desktop\uni\Pruebas de software\taller\node_modules\.bin;C:\Users\andre\Desktop\uni\Pruebas de software\node_modules\.bin;C:\Users\andre\Desktop\uni\node_modules\.bin;C:\Users\andre\Desktop\node_modules\.bin;C:\Users\andre\node_modules\.bin;C:\Users\node_modules\.bin;C:\node_modules\.bin;C:\Program Files\nodejs\node_modules\npm\node_modules\@npmcli\run-script\lib\node-gyp-bin;C:\Program Files (x86)\Microsoft SDKs\Azure\CLI2\wbin;C:\Program Files\Common Files\Oracle\Java\javapath;C:\WINDOWS\system32;C:\WINDOWS;C:\WINDOWS\System32\Wbem;C:\WINDOWS\System32\WindowsPowerShell\v1.0\;C:\WINDOWS\System32\OpenSSH\;C:\Program Files\Git\cmd;%HADOOP_HOME%\bin;%SPARK_HOME%\bin;C:\Program Files (x86)\NVIDIA Corporation\PhysX\Common;C:\Gradle\gradle-8.10.2\bin;C:\Program Files\NVIDIA Corporation\NVIDIA app\NvDLISR;C:\Program Files\Go\bin;C:\Program Files\nodejs\;C:\Users\andre\Documents\terraform_1.12.1_windows_386;C:\Program Files\Amazon\AWSCLIV2\bin\;C:\Program Files\Docker\Docker\resources\bin;C:\Program Files\Amazon\AWSCLIV2\;C:\Users\andre\AppData\Local\Programs\Python\Python312\Scripts\;C:\Users\andre\AppData\Local\Programs\Python\Python312\;C:\Users\andre\AppData\Local\Microsoft\WindowsApps;C:\Users\andre\AppData\Local\Programs\Microsoft VS Code\bin;C:\Program Files\JetBrains\PyCharm 2024.1\bin;;C:\Program Files\JetBrains\IntelliJ IDEA 2024.1\bin;;C:\Users\andre\Downloads\apache-maven-3.9.6-bin\apache-maven-3.9.6\bin;C:\Users\andre\OneDrive\Documentos\spark-3.5.1-bin-hadoop3\spark-3.5.1-bin-hadoop3\bin;;C:\Program Files\JetBrains\WebStorm 2024.1.5\bin;;C:\Program Files\heroku\bin;C:\Users\andre\go\bin;C:\Users\andre\AppData\Roaming\npm;c:\Users\andre\AppData\Roaming\Code\User\globalStorage\github.copilot-chat\debugCommand;."/>
    <property name="java.vm.info" value="mixed mode, sharing"/>
    <property name="java.vendor" value="Oracle Corporation"/>
    <property name="java.vm.version" value="17.0.10+11-LTS-240"/>
    <property name="sun.io.unicode.encoding" value="UnicodeLittle"/>
    <property name="java.class.version" value="61.0"/>
  </properties>
  <testcase name="testParallel" classname="examples.ExamplesTest" time="9.031">
    <system-out><![CDATA[21:08:33.003 [main] DEBUG com.intuit.karate.Suite - [config] classpath:karate-config.js
21:08:35.341 [pool-2-thread-1] INFO  com.intuit.karate - karate.env system property was: null 
21:08:35.341 [pool-2-thread-2] INFO  com.intuit.karate - karate.env system property was: null 
21:08:36.128 [pool-2-thread-1] DEBUG com.intuit.karate - request:
1 > GET https://jsonplaceholder.typicode.com/users
1 > Host: jsonplaceholder.typicode.com
1 > Connection: Keep-Alive
1 > User-Agent: Apache-HttpClient/4.5.14 (Java/17.0.10)
1 > Accept-Encoding: gzip,deflate


21:08:36.129 [pool-2-thread-2] DEBUG com.intuit.karate - request:
1 > POST https://jsonplaceholder.typicode.com/users
1 > Content-Type: application/json; charset=UTF-8
1 > Content-Length: 160
1 > Host: jsonplaceholder.typicode.com
1 > Connection: Keep-Alive
1 > User-Agent: Apache-HttpClient/4.5.14 (Java/17.0.10)
1 > Accept-Encoding: gzip,deflate
{"name":"Test User","username":"testuser","email":"test@user.com","address":{"street":"Has No Name","suite":"Apt. 123","city":"Electri","zipcode":"54321-6789"}}

21:08:36.889 [pool-2-thread-1] DEBUG com.intuit.karate - response time in milliseconds: 755
1 < 200
1 < Date: Wed, 25 Jun 2025 02:08:36 GMT
1 < Content-Type: application/json; charset=utf-8
1 < Transfer-Encoding: chunked
1 < Connection: keep-alive
1 < CF-RAY: 9550eb039cad4188-LHR
1 < Report-To: {"group":"heroku-nel","max_age":3600,"endpoints":[{"url":"https://nel.heroku.com/reports?ts=1745352607&sid=e11707d5-02a7-43ef-b45e-2cf4d2036f7d&s=8ij%2BL62LklZpvYC%2BAj9Q1c0kUxwHgGcabTVlDQlfev0%3D"}]}
1 < Reporting-Endpoints: heroku-nel=https://nel.heroku.com/reports?ts=1745352607&sid=e11707d5-02a7-43ef-b45e-2cf4d2036f7d&s=8ij%2BL62LklZpvYC%2BAj9Q1c0kUxwHgGcabTVlDQlfev0%3D
1 < Nel: {"report_to":"heroku-nel","max_age":3600,"success_fraction":0.005,"failure_fraction":0.05,"response_headers":["Via"]}
1 < X-Powered-By: Express
1 < X-Ratelimit-Limit: 1000
1 < X-Ratelimit-Remaining: 999
1 < X-Ratelimit-Reset: 1745352613
1 < Vary: Origin, Accept-Encoding
1 < Access-Control-Allow-Credentials: true
1 < Cache-Control: max-age=43200
1 < Pragma: no-cache
1 < expires: -1
1 < X-Content-Type-Options: nosniff
1 < etag: W/"160d-1eMSsxeJRfnVLRBmYJSbCiJZ1qQ"
1 < Via: 1.1 vegur
1 < Age: 8739
1 < cf-cache-status: HIT
1 < Server: cloudflare
1 < alt-svc: h3=":443"; ma=86400
1 < server-timing: cfL4;desc="?proto=TCP&rtt=157897&min_rtt=155618&rtt_var=48301&sent=7&recv=7&lost=0&retrans=0&sent_bytes=3117&recv_bytes=790&delivery_rate=25245&cwnd=40&unsent_bytes=0&cid=09cc095f8fe0dc76&ts=283&x=0"
[
  {
    "id": 1,
    "name": "Leanne Graham",
    "username": "Bret",
    "email": "Sincere@april.biz",
    "address": {
      "street": "Kulas Light",
      "suite": "Apt. 556",
      "city": "Gwenborough",
      "zipcode": "92998-3874",
      "geo": {
        "lat": "-37.3159",
        "lng": "81.1496"
      }
    },
    "phone": "1-770-736-8031 x56442",
    "website": "hildegard.org",
    "company": {
      "name": "Romaguera-Crona",
      "catchPhrase": "Multi-layered client-server neural-net",
      "bs": "harness real-time e-markets"
    }
  },
  {
    "id": 2,
    "name": "Ervin Howell",
    "username": "Antonette",
    "email": "Shanna@melissa.tv",
    "address": {
      "street": "Victor Plains",
      "suite": "Suite 879",
      "city": "Wisokyburgh",
      "zipcode": "90566-7771",
      "geo": {
        "lat": "-43.9509",
        "lng": "-34.4618"
      }
    },
    "phone": "010-692-6593 x09125",
    "website": "anastasia.net",
    "company": {
      "name": "Deckow-Crist",
      "catchPhrase": "Proactive didactic contingency",
      "bs": "synergize scalable supply-chains"
    }
  },
  {
    "id": 3,
    "name": "Clementine Bauch",
    "username": "Samantha",
    "email": "Nathan@yesenia.net",
    "address": {
      "street": "Douglas Extension",
      "suite": "Suite 847",
      "city": "McKenziehaven",
      "zipcode": "59590-4157",
      "geo": {
        "lat": "-68.6102",
        "lng": "-47.0653"
      }
    },
    "phone": "1-463-123-4447",
    "website": "ramiro.info",
    "company": {
      "name": "Romaguera-Jacobson",
      "catchPhrase": "Face to face bifurcated interface",
      "bs": "e-enable strategic applications"
    }
  },
  {
    "id": 4,
    "name": "Patricia Lebsack",
    "username": "Karianne",
    "email": "Julianne.OConner@kory.org",
    "address": {
      "street": "Hoeger Mall",
      "suite": "Apt. 692",
      "city": "South Elvis",
      "zipcode": "53919-4257",
      "geo": {
        "lat": "29.4572",
        "lng": "-164.2990"
      }
    },
    "phone": "493-170-9623 x156",
    "website": "kale.biz",
    "company": {
      "name": "Robel-Corkery",
      "catchPhrase": "Multi-tiered zero tolerance productivity",
      "bs": "transition cutting-edge web services"
    }
  },
  {
    "id": 5,
    "name": "Chelsey Dietrich",
    "username": "Kamren",
    "email": "Lucio_Hettinger@annie.ca",
    "address": {
      "street": "Skiles Walks",
      "suite": "Suite 351",
      "city": "Roscoeview",
      "zipcode": "33263",
      "geo": {
        "lat": "-31.8129",
        "lng": "62.5342"
      }
    },
    "phone": "(254)954-1289",
    "website": "demarco.info",
    "company": {
      "name": "Keebler LLC",
      "catchPhrase": "User-centric fault-tolerant solution",
      "bs": "revolutionize end-to-end systems"
    }
  },
  {
    "id": 6,
    "name": "Mrs. Dennis Schulist",
    "username": "Leopoldo_Corkery",
    "email": "Karley_Dach@jasper.info",
    "address": {
      "street": "Norberto Crossing",
      "suite": "Apt. 950",
      "city": "South Christy",
      "zipcode": "23505-1337",
      "geo": {
        "lat": "-71.4197",
        "lng": "71.7478"
      }
    },
    "phone": "1-477-935-8478 x6430",
    "website": "ola.org",
    "company": {
      "name": "Considine-Lockman",
      "catchPhrase": "Synchronised bottom-line interface",
      "bs": "e-enable innovative applications"
    }
  },
  {
    "id": 7,
    "name": "Kurtis Weissnat",
    "username": "Elwyn.Skiles",
    "email": "Telly.Hoeger@billy.biz",
    "address": {
      "street": "Rex Trail",
      "suite": "Suite 280",
      "city": "Howemouth",
      "zipcode": "58804-1099",
      "geo": {
        "lat": "24.8918",
        "lng": "21.8984"
      }
    },
    "phone": "210.067.6132",
    "website": "elvis.io",
    "company": {
      "name": "Johns Group",
      "catchPhrase": "Configurable multimedia task-force",
      "bs": "generate enterprise e-tailers"
    }
  },
  {
    "id": 8,
    "name": "Nicholas Runolfsdottir V",
    "username": "Maxime_Nienow",
    "email": "Sherwood@rosamond.me",
    "address": {
      "street": "Ellsworth Summit",
      "suite": "Suite 729",
      "city": "Aliyaview",
      "zipcode": "45169",
      "geo": {
        "lat": "-14.3990",
        "lng": "-120.7677"
      }
    },
    "phone": "586.493.6943 x140",
    "website": "jacynthe.com",
    "company": {
      "name": "Abernathy Group",
      "catchPhrase": "Implemented secondary concept",
      "bs": "e-enable extensible e-tailers"
    }
  },
  {
    "id": 9,
    "name": "Glenna Reichert",
    "username": "Delphine",
    "email": "Chaim_McDermott@dana.io",
    "address": {
      "street": "Dayna Park",
      "suite": "Suite 449",
      "city": "Bartholomebury",
      "zipcode": "76495-3109",
      "geo": {
        "lat": "24.6463",
        "lng": "-168.8889"
      }
    },
    "phone": "(775)976-6794 x41206",
    "website": "conrad.com",
    "company": {
      "name": "Yost and Sons",
      "catchPhrase": "Switchable contextually-based project",
      "bs": "aggregate real-time technologies"
    }
  },
  {
    "id": 10,
    "name": "Clementina DuBuque",
    "username": "Moriah.Stanton",
    "email": "Rey.Padberg@karina.biz",
    "address": {
      "street": "Kattie Turnpike",
      "suite": "Suite 198",
      "city": "Lebsackbury",
      "zipcode": "31428-2261",
      "geo": {
        "lat": "-38.2386",
        "lng": "57.2232"
      }
    },
    "phone": "024-648-3804",
    "website": "ambrose.net",
    "company": {
      "name": "Hoeger LLC",
      "catchPhrase": "Centralized empowering task-force",
      "bs": "target end-to-end models"
    }
  }
]

21:08:36.925 [pool-2-thread-1] DEBUG com.intuit.karate - request:
2 > GET https://jsonplaceholder.typicode.com/users/1
2 > Host: jsonplaceholder.typicode.com
2 > Connection: Keep-Alive
2 > User-Agent: Apache-HttpClient/4.5.14 (Java/17.0.10)
2 > Accept-Encoding: gzip,deflate


21:08:37.108 [pool-2-thread-2] DEBUG com.intuit.karate - response time in milliseconds: 978
1 < 201
1 < Date: Wed, 25 Jun 2025 02:08:36 GMT
1 < Content-Type: application/json; charset=utf-8
1 < Content-Length: 216
1 < Connection: keep-alive
1 < CF-RAY: 9550eb039c6b0016-LHR
1 < access-control-allow-credentials: true
1 < access-control-expose-headers: Location
1 < Cache-Control: no-cache
1 < etag: W/"d8-pYV7+YuMGP2hxHPU9ARrf97ifDA"
1 < expires: -1
1 < location: https://jsonplaceholder.typicode.com/users/11
1 < nel: {"report_to":"heroku-nel","response_headers":["Via"],"max_age":3600,"success_fraction":0.01,"failure_fraction":0.1}
1 < pragma: no-cache
1 < report-to: {"group":"heroku-nel","endpoints":[{"url":"https://nel.heroku.com/reports?s=IJC7EzImPd4oEudwdRBU7RtK43IIVZxThQ9dD7Eg5BA%3D\u0026sid=e11707d5-02a7-43ef-b45e-2cf4d2036f7d\u0026ts=1750817316"}],"max_age":3600}
1 < reporting-endpoints: heroku-nel="https://nel.heroku.com/reports?s=IJC7EzImPd4oEudwdRBU7RtK43IIVZxThQ9dD7Eg5BA%3D&sid=e11707d5-02a7-43ef-b45e-2cf4d2036f7d&ts=1750817316"
1 < vary: Origin, X-HTTP-Method-Override, Accept-Encoding
1 < via: 2.0 heroku-router
1 < x-content-type-options: nosniff
1 < x-powered-by: Express
1 < x-ratelimit-limit: 1000
1 < x-ratelimit-remaining: 999
1 < x-ratelimit-reset: 1750817351
1 < cf-cache-status: DYNAMIC
1 < Server: cloudflare
1 < alt-svc: h3=":443"; ma=86400
1 < server-timing: cfL4;desc="?proto=TCP&rtt=157457&min_rtt=157352&rtt_var=59082&sent=7&recv=7&lost=0&retrans=0&sent_bytes=3118&recv_bytes=1019&delivery_rate=27835&cwnd=38&unsent_bytes=0&cid=943ac89c607be0e6&ts=517&x=0"
{
  "name": "Test User",
  "username": "testuser",
  "email": "test@user.com",
  "address": {
    "street": "Has No Name",
    "suite": "Apt. 123",
    "city": "Electri",
    "zipcode": "54321-6789"
  },
  "id": 11
}

21:08:37.114 [pool-2-thread-2] INFO  com.intuit.karate - [print] created id is:  11 
21:08:37.399 [pool-2-thread-1] DEBUG com.intuit.karate - response time in milliseconds: 473
2 < 200
2 < Date: Wed, 25 Jun 2025 02:08:36 GMT
2 < Content-Type: application/json; charset=utf-8
2 < Transfer-Encoding: chunked
2 < Connection: keep-alive
2 < Report-To: {"group":"heroku-nel","max_age":3600,"endpoints":[{"url":"https://nel.heroku.com/reports?ts=1745352617&sid=e11707d5-02a7-43ef-b45e-2cf4d2036f7d&s=WUBe99aGTRNCdZoOtOqedRAJn8uvqx%2Fm6KpNeql0IoQ%3D"}]}
2 < Reporting-Endpoints: heroku-nel=https://nel.heroku.com/reports?ts=1745352617&sid=e11707d5-02a7-43ef-b45e-2cf4d2036f7d&s=WUBe99aGTRNCdZoOtOqedRAJn8uvqx%2Fm6KpNeql0IoQ%3D
2 < Nel: {"report_to":"heroku-nel","max_age":3600,"success_fraction":0.005,"failure_fraction":0.05,"response_headers":["Via"]}
2 < X-Powered-By: Express
2 < X-Ratelimit-Limit: 1000
2 < X-Ratelimit-Remaining: 999
2 < X-Ratelimit-Reset: 1745352673
2 < Vary: Origin, Accept-Encoding
2 < Access-Control-Allow-Credentials: true
2 < Cache-Control: max-age=43200
2 < Pragma: no-cache
2 < expires: -1
2 < X-Content-Type-Options: nosniff
2 < etag: W/"1fd-+2Y3G3w049iSZtw5t1mzSnunngE"
2 < Via: 1.1 vegur
2 < Age: 17219
2 < cf-cache-status: HIT
2 < Server: cloudflare
2 < CF-RAY: 9550eb06bf6ba3d1-SEA
2 < alt-svc: h3=":443"; ma=86400
2 < server-timing: cfL4;desc="?proto=TCP&rtt=130815&min_rtt=130393&rtt_var=37477&sent=6&recv=7&lost=0&retrans=0&sent_bytes=3116&recv_bytes=1239&delivery_rate=32882&cwnd=58&unsent_bytes=0&cid=8faed83a988486e5&ts=200&x=0"
{
  "id": 1,
  "name": "Leanne Graham",
  "username": "Bret",
  "email": "Sincere@april.biz",
  "address": {
    "street": "Kulas Light",
    "suite": "Apt. 556",
    "city": "Gwenborough",
    "zipcode": "92998-3874",
    "geo": {
      "lat": "-37.3159",
      "lng": "81.1496"
    }
  },
  "phone": "1-770-736-8031 x56442",
  "website": "hildegard.org",
  "company": {
    "name": "Romaguera-Crona",
    "catchPhrase": "Multi-layered client-server neural-net",
    "bs": "harness real-time e-markets"
  }
}

---------------------------------------------------------
feature: classpath:examples/users/users.feature
scenarios:  2 | passed:  2 | failed:  0 | time: 3,6959
---------------------------------------------------------

21:08:39.062 [pool-3-thread-1] INFO  com.intuit.karate.Suite - <<pass>> feature 1 of 1 (0 remaining) classpath:examples/users/users.feature
Karate version: 1.5.1
======================================================
elapsed:   8,09 | threads:    5 | thread time: 3,70 
features:     1 | skipped:    0 | efficiency: 0,09
scenarios:    2 | passed:     2 | failed: 0
======================================================

HTML report: (paste into browser to view) | Karate version: 1.5.1
file:///C:/Users/andre/Desktop/uni/Pruebas%20de%20software/taller/target/karate-reports/karate-summary.html
===================================================================

]]></system-out>
  </testcase>
</testsuite>